C:\USERS\HP\DESKTOP\SIFT AND KINECT USING SSH\SIFT_KINECT_SSH\DEBUG\SIFT_KINECT_SSH.EXE
C:\USERS\HP\DESKTOP\SIFT AND KINECT USING SSH\SIFT_KINECT_SSH\DEBUG\SIFT_KINECT_SSH.ILK
C:\USERS\HP\DESKTOP\SIFT AND KINECT USING SSH\SIFT_KINECT_SSH\DEBUG\SIFT_KINECT_SSH.PDB
C:\USERS\HP\DESKTOP\SIFT AND KINECT USING SSH\SIFT_KINECT_SSH\SIFT_KINECT_SSH\DEBUG\3DSERVOING.OBJ
C:\USERS\HP\DESKTOP\SIFT AND KINECT USING SSH\SIFT_KINECT_SSH\SIFT_KINECT_SSH\DEBUG\AUTHENTICATION.OBJ
C:\Users\hp\Desktop\SIFT and Kinect using ssh\SIFT_Kinect_ssh\SIFT_Kinect_ssh\Debug\cl.command.1.tlog
C:\Users\hp\Desktop\SIFT and Kinect using ssh\SIFT_Kinect_ssh\SIFT_Kinect_ssh\Debug\CL.read.1.tlog
C:\Users\hp\Desktop\SIFT and Kinect using ssh\SIFT_Kinect_ssh\SIFT_Kinect_ssh\Debug\CL.write.1.tlog
C:\USERS\HP\DESKTOP\SIFT AND KINECT USING SSH\SIFT_KINECT_SSH\SIFT_KINECT_SSH\DEBUG\CONNECT_SSH.OBJ
C:\USERS\HP\DESKTOP\SIFT AND KINECT USING SSH\SIFT_KINECT_SSH\SIFT_KINECT_SSH\DEBUG\INTERACTIONMATRIX.OBJ
C:\USERS\HP\DESKTOP\SIFT AND KINECT USING SSH\SIFT_KINECT_SSH\SIFT_KINECT_SSH\DEBUG\KINECTSENSOR.OBJ
C:\USERS\HP\DESKTOP\SIFT AND KINECT USING SSH\SIFT_KINECT_SSH\SIFT_KINECT_SSH\DEBUG\KNOWNHOSTS.OBJ
C:\Users\hp\Desktop\SIFT and Kinect using ssh\SIFT_Kinect_ssh\SIFT_Kinect_ssh\Debug\link.command.1.tlog
C:\Users\hp\Desktop\SIFT and Kinect using ssh\SIFT_Kinect_ssh\SIFT_Kinect_ssh\Debug\link.read.1.tlog
C:\Users\hp\Desktop\SIFT and Kinect using ssh\SIFT_Kinect_ssh\SIFT_Kinect_ssh\Debug\link.write.1.tlog
C:\Users\hp\Desktop\SIFT and Kinect using ssh\SIFT_Kinect_ssh\SIFT_Kinect_ssh\Debug\mt.command.1.tlog
C:\Users\hp\Desktop\SIFT and Kinect using ssh\SIFT_Kinect_ssh\SIFT_Kinect_ssh\Debug\mt.read.1.tlog
C:\Users\hp\Desktop\SIFT and Kinect using ssh\SIFT_Kinect_ssh\SIFT_Kinect_ssh\Debug\mt.write.1.tlog
C:\USERS\HP\DESKTOP\SIFT AND KINECT USING SSH\SIFT_KINECT_SSH\SIFT_KINECT_SSH\DEBUG\PIXELMATCHEXTRACTION.OBJ
C:\USERS\HP\DESKTOP\SIFT AND KINECT USING SSH\SIFT_KINECT_SSH\SIFT_KINECT_SSH\DEBUG\SENDLINE.OBJ
C:\USERS\HP\DESKTOP\SIFT AND KINECT USING SSH\SIFT_KINECT_SSH\SIFT_KINECT_SSH\DEBUG\SIFT_KINECT_SSH.EXE.INTERMEDIATE.MANIFEST
C:\Users\hp\Desktop\SIFT and Kinect using ssh\SIFT_Kinect_ssh\SIFT_Kinect_ssh\Debug\vc100.idb
C:\USERS\HP\DESKTOP\SIFT AND KINECT USING SSH\SIFT_KINECT_SSH\SIFT_KINECT_SSH\DEBUG\VC100.PDB
